[debug] [2022-04-02T19:06:42.659Z] ----------------------------------------------------------------------
[debug] [2022-04-02T19:06:42.662Z] Command:       C:\Program Files\nodejs\node.exe C:\Users\sawye\AppData\Roaming\npm\node_modules\firebase-tools\lib\bin\firebase.js login
[debug] [2022-04-02T19:06:42.662Z] CLI Version:   10.5.0
[debug] [2022-04-02T19:06:42.662Z] Platform:      win32
[debug] [2022-04-02T19:06:42.662Z] Node Version:  v16.4.2
[debug] [2022-04-02T19:06:42.665Z] Time:          Sat Apr 02 2022 15:06:42 GMT-0400 (Eastern Daylight Time)
[debug] [2022-04-02T19:06:42.665Z] ----------------------------------------------------------------------
[debug] 
[info] i  Firebase optionally collects CLI usage and error reporting information to help improve our products. Data is collected in accordance with Google's privacy policy (https://policies.google.com/privacy) and is not used to identify you.
 
[info] i  To change your data collection preference at any time, run `firebase logout` and log in again. 
[info] 
[info] Visit this URL on this device to log in:
[info] https://accounts.google.com/o/oauth2/auth?client_id=563584335869-fgrhgmd47bqnekij5i8b5pr03ho849e6.apps.googleusercontent.com&scope=email%20openid%20https%3A%2F%2Fwww.googleapis.com%2Fauth%2Fcloudplatformprojects.readonly%20https%3A%2F%2Fwww.googleapis.com%2Fauth%2Ffirebase%20https%3A%2F%2Fwww.googleapis.com%2Fauth%2Fcloud-platform&response_type=code&state=87707818&redirect_uri=http%3A%2F%2Flocalhost%3A9005
[info] 
[info] Waiting for authentication...
[debug] [2022-04-02T19:06:45.812Z] Error: spawn cmd ENOENT
    at Process.ChildProcess._handle.onexit (node:internal/child_process:282:19)
    at onErrorNT (node:internal/child_process:480:16)
    at processTicksAndRejections (node:internal/process/task_queues:83:21)
[error] 
[error] Error: An unexpected error has occurred.
